<?xml version="1.0" encoding="UTF-8"?>
<testsuite xmlns:xsi="http://www.w3.org/2001/XMLSchema-instance" xsi:noNamespaceSchemaLocation="https://maven.apache.org/surefire/maven-surefire-plugin/xsd/surefire-test-report.xsd" name="com.vickysingh.dashboard.DashboardApplicationTests" time="1.221" tests="1" errors="0" skipped="0" failures="0">
  <properties>
    <property name="java.specification.version" value="17"/>
    <property name="sun.jnu.encoding" value="UTF-8"/>
    <property name="java.class.path" value="/Users/vicky/Documents/Vicky/Github/Personal Project/Vickysingh/vickysingh-backend/target/test-classes:/Users/vicky/Documents/Vicky/Github/Personal Project/Vickysingh/vickysingh-backend/target/classes:/Users/vicky/.m2/repository/org/springframework/boot/spring-boot-starter-actuator/2.6.12/spring-boot-starter-actuator-2.6.12.jar:/Users/vicky/.m2/repository/org/springframework/boot/spring-boot-starter/2.6.12/spring-boot-starter-2.6.12.jar:/Users/vicky/.m2/repository/org/springframework/boot/spring-boot/2.6.12/spring-boot-2.6.12.jar:/Users/vicky/.m2/repository/org/springframework/boot/spring-boot-autoconfigure/2.6.12/spring-boot-autoconfigure-2.6.12.jar:/Users/vicky/.m2/repository/org/springframework/boot/spring-boot-starter-logging/2.6.12/spring-boot-starter-logging-2.6.12.jar:/Users/vicky/.m2/repository/ch/qos/logback/logback-classic/1.2.11/logback-classic-1.2.11.jar:/Users/vicky/.m2/repository/ch/qos/logback/logback-core/1.2.11/logback-core-1.2.11.jar:/Users/vicky/.m2/repository/org/apache/logging/log4j/log4j-to-slf4j/2.17.2/log4j-to-slf4j-2.17.2.jar:/Users/vicky/.m2/repository/org/apache/logging/log4j/log4j-api/2.17.2/log4j-api-2.17.2.jar:/Users/vicky/.m2/repository/org/slf4j/jul-to-slf4j/1.7.36/jul-to-slf4j-1.7.36.jar:/Users/vicky/.m2/repository/jakarta/annotation/jakarta.annotation-api/1.3.5/jakarta.annotation-api-1.3.5.jar:/Users/vicky/.m2/repository/org/yaml/snakeyaml/1.29/snakeyaml-1.29.jar:/Users/vicky/.m2/repository/org/springframework/boot/spring-boot-actuator-autoconfigure/2.6.12/spring-boot-actuator-autoconfigure-2.6.12.jar:/Users/vicky/.m2/repository/org/springframework/boot/spring-boot-actuator/2.6.12/spring-boot-actuator-2.6.12.jar:/Users/vicky/.m2/repository/com/fasterxml/jackson/core/jackson-databind/2.13.4/jackson-databind-2.13.4.jar:/Users/vicky/.m2/repository/com/fasterxml/jackson/core/jackson-annotations/2.13.4/jackson-annotations-2.13.4.jar:/Users/vicky/.m2/repository/com/fasterxml/jackson/core/jackson-core/2.13.4/jackson-core-2.13.4.jar:/Users/vicky/.m2/repository/com/fasterxml/jackson/datatype/jackson-datatype-jsr310/2.13.4/jackson-datatype-jsr310-2.13.4.jar:/Users/vicky/.m2/repository/io/micrometer/micrometer-core/1.8.10/micrometer-core-1.8.10.jar:/Users/vicky/.m2/repository/org/hdrhistogram/HdrHistogram/2.1.12/HdrHistogram-2.1.12.jar:/Users/vicky/.m2/repository/org/latencyutils/LatencyUtils/2.0.3/LatencyUtils-2.0.3.jar:/Users/vicky/.m2/repository/org/springframework/boot/spring-boot-starter-web/2.6.12/spring-boot-starter-web-2.6.12.jar:/Users/vicky/.m2/repository/org/springframework/boot/spring-boot-starter-json/2.6.12/spring-boot-starter-json-2.6.12.jar:/Users/vicky/.m2/repository/com/fasterxml/jackson/datatype/jackson-datatype-jdk8/2.13.4/jackson-datatype-jdk8-2.13.4.jar:/Users/vicky/.m2/repository/com/fasterxml/jackson/module/jackson-module-parameter-names/2.13.4/jackson-module-parameter-names-2.13.4.jar:/Users/vicky/.m2/repository/org/springframework/boot/spring-boot-starter-tomcat/2.6.12/spring-boot-starter-tomcat-2.6.12.jar:/Users/vicky/.m2/repository/org/apache/tomcat/embed/tomcat-embed-core/9.0.65/tomcat-embed-core-9.0.65.jar:/Users/vicky/.m2/repository/org/apache/tomcat/embed/tomcat-embed-el/9.0.65/tomcat-embed-el-9.0.65.jar:/Users/vicky/.m2/repository/org/apache/tomcat/embed/tomcat-embed-websocket/9.0.65/tomcat-embed-websocket-9.0.65.jar:/Users/vicky/.m2/repository/org/springframework/spring-web/5.3.23/spring-web-5.3.23.jar:/Users/vicky/.m2/repository/org/springframework/spring-beans/5.3.23/spring-beans-5.3.23.jar:/Users/vicky/.m2/repository/org/springframework/spring-webmvc/5.3.23/spring-webmvc-5.3.23.jar:/Users/vicky/.m2/repository/org/springframework/spring-aop/5.3.23/spring-aop-5.3.23.jar:/Users/vicky/.m2/repository/org/springframework/spring-context/5.3.23/spring-context-5.3.23.jar:/Users/vicky/.m2/repository/org/springframework/spring-expression/5.3.23/spring-expression-5.3.23.jar:/Users/vicky/.m2/repository/org/springframework/boot/spring-boot-starter-test/2.6.12/spring-boot-starter-test-2.6.12.jar:/Users/vicky/.m2/repository/org/springframework/boot/spring-boot-test/2.6.12/spring-boot-test-2.6.12.jar:/Users/vicky/.m2/repository/org/springframework/boot/spring-boot-test-autoconfigure/2.6.12/spring-boot-test-autoconfigure-2.6.12.jar:/Users/vicky/.m2/repository/com/jayway/jsonpath/json-path/2.6.0/json-path-2.6.0.jar:/Users/vicky/.m2/repository/net/minidev/json-smart/2.4.8/json-smart-2.4.8.jar:/Users/vicky/.m2/repository/net/minidev/accessors-smart/2.4.8/accessors-smart-2.4.8.jar:/Users/vicky/.m2/repository/org/ow2/asm/asm/9.1/asm-9.1.jar:/Users/vicky/.m2/repository/org/slf4j/slf4j-api/1.7.36/slf4j-api-1.7.36.jar:/Users/vicky/.m2/repository/jakarta/xml/bind/jakarta.xml.bind-api/2.3.3/jakarta.xml.bind-api-2.3.3.jar:/Users/vicky/.m2/repository/jakarta/activation/jakarta.activation-api/1.2.2/jakarta.activation-api-1.2.2.jar:/Users/vicky/.m2/repository/org/assertj/assertj-core/3.21.0/assertj-core-3.21.0.jar:/Users/vicky/.m2/repository/org/hamcrest/hamcrest/2.2/hamcrest-2.2.jar:/Users/vicky/.m2/repository/org/junit/jupiter/junit-jupiter/5.8.2/junit-jupiter-5.8.2.jar:/Users/vicky/.m2/repository/org/junit/jupiter/junit-jupiter-api/5.8.2/junit-jupiter-api-5.8.2.jar:/Users/vicky/.m2/repository/org/opentest4j/opentest4j/1.2.0/opentest4j-1.2.0.jar:/Users/vicky/.m2/repository/org/junit/platform/junit-platform-commons/1.8.2/junit-platform-commons-1.8.2.jar:/Users/vicky/.m2/repository/org/apiguardian/apiguardian-api/1.1.2/apiguardian-api-1.1.2.jar:/Users/vicky/.m2/repository/org/junit/jupiter/junit-jupiter-params/5.8.2/junit-jupiter-params-5.8.2.jar:/Users/vicky/.m2/repository/org/junit/jupiter/junit-jupiter-engine/5.8.2/junit-jupiter-engine-5.8.2.jar:/Users/vicky/.m2/repository/org/junit/platform/junit-platform-engine/1.8.2/junit-platform-engine-1.8.2.jar:/Users/vicky/.m2/repository/org/mockito/mockito-core/4.0.0/mockito-core-4.0.0.jar:/Users/vicky/.m2/repository/net/bytebuddy/byte-buddy/1.11.22/byte-buddy-1.11.22.jar:/Users/vicky/.m2/repository/net/bytebuddy/byte-buddy-agent/1.11.22/byte-buddy-agent-1.11.22.jar:/Users/vicky/.m2/repository/org/objenesis/objenesis/3.2/objenesis-3.2.jar:/Users/vicky/.m2/repository/org/mockito/mockito-junit-jupiter/4.0.0/mockito-junit-jupiter-4.0.0.jar:/Users/vicky/.m2/repository/org/skyscreamer/jsonassert/1.5.1/jsonassert-1.5.1.jar:/Users/vicky/.m2/repository/com/vaadin/external/google/android-json/0.0.20131108.vaadin1/android-json-0.0.20131108.vaadin1.jar:/Users/vicky/.m2/repository/org/springframework/spring-core/5.3.23/spring-core-5.3.23.jar:/Users/vicky/.m2/repository/org/springframework/spring-jcl/5.3.23/spring-jcl-5.3.23.jar:/Users/vicky/.m2/repository/org/springframework/spring-test/5.3.23/spring-test-5.3.23.jar:/Users/vicky/.m2/repository/org/xmlunit/xmlunit-core/2.8.4/xmlunit-core-2.8.4.jar:"/>
    <property name="java.vm.vendor" value="Eclipse Adoptium"/>
    <property name="sun.arch.data.model" value="64"/>
    <property name="java.vendor.url" value="https://adoptium.net/"/>
    <property name="os.name" value="Mac OS X"/>
    <property name="java.vm.specification.version" value="17"/>
    <property name="sun.java.launcher" value="SUN_STANDARD"/>
    <property name="user.country" value="IN"/>
    <property name="sun.boot.library.path" value="/Applications/SpringToolSuite4.app/Contents/Eclipse/plugins/org.eclipse.justj.openjdk.hotspot.jre.full.macosx.aarch64_17.0.4.v20220903-1038/jre/lib"/>
    <property name="sun.java.command" value="/Users/vicky/Documents/Vicky/Github/Personal Project/Vickysingh/vickysingh-backend/target/surefire/surefirebooter2761756734618827036.jar /Users/vicky/Documents/Vicky/Github/Personal Project/Vickysingh/vickysingh-backend/target/surefire 2022-10-17T14-24-40_928-jvmRun1 surefire7580979536729523448tmp surefire_09013058592325125611tmp"/>
    <property name="jdk.debug" value="release"/>
    <property name="surefire.test.class.path" value="/Users/vicky/Documents/Vicky/Github/Personal Project/Vickysingh/vickysingh-backend/target/test-classes:/Users/vicky/Documents/Vicky/Github/Personal Project/Vickysingh/vickysingh-backend/target/classes:/Users/vicky/.m2/repository/org/springframework/boot/spring-boot-starter-actuator/2.6.12/spring-boot-starter-actuator-2.6.12.jar:/Users/vicky/.m2/repository/org/springframework/boot/spring-boot-starter/2.6.12/spring-boot-starter-2.6.12.jar:/Users/vicky/.m2/repository/org/springframework/boot/spring-boot/2.6.12/spring-boot-2.6.12.jar:/Users/vicky/.m2/repository/org/springframework/boot/spring-boot-autoconfigure/2.6.12/spring-boot-autoconfigure-2.6.12.jar:/Users/vicky/.m2/repository/org/springframework/boot/spring-boot-starter-logging/2.6.12/spring-boot-starter-logging-2.6.12.jar:/Users/vicky/.m2/repository/ch/qos/logback/logback-classic/1.2.11/logback-classic-1.2.11.jar:/Users/vicky/.m2/repository/ch/qos/logback/logback-core/1.2.11/logback-core-1.2.11.jar:/Users/vicky/.m2/repository/org/apache/logging/log4j/log4j-to-slf4j/2.17.2/log4j-to-slf4j-2.17.2.jar:/Users/vicky/.m2/repository/org/apache/logging/log4j/log4j-api/2.17.2/log4j-api-2.17.2.jar:/Users/vicky/.m2/repository/org/slf4j/jul-to-slf4j/1.7.36/jul-to-slf4j-1.7.36.jar:/Users/vicky/.m2/repository/jakarta/annotation/jakarta.annotation-api/1.3.5/jakarta.annotation-api-1.3.5.jar:/Users/vicky/.m2/repository/org/yaml/snakeyaml/1.29/snakeyaml-1.29.jar:/Users/vicky/.m2/repository/org/springframework/boot/spring-boot-actuator-autoconfigure/2.6.12/spring-boot-actuator-autoconfigure-2.6.12.jar:/Users/vicky/.m2/repository/org/springframework/boot/spring-boot-actuator/2.6.12/spring-boot-actuator-2.6.12.jar:/Users/vicky/.m2/repository/com/fasterxml/jackson/core/jackson-databind/2.13.4/jackson-databind-2.13.4.jar:/Users/vicky/.m2/repository/com/fasterxml/jackson/core/jackson-annotations/2.13.4/jackson-annotations-2.13.4.jar:/Users/vicky/.m2/repository/com/fasterxml/jackson/core/jackson-core/2.13.4/jackson-core-2.13.4.jar:/Users/vicky/.m2/repository/com/fasterxml/jackson/datatype/jackson-datatype-jsr310/2.13.4/jackson-datatype-jsr310-2.13.4.jar:/Users/vicky/.m2/repository/io/micrometer/micrometer-core/1.8.10/micrometer-core-1.8.10.jar:/Users/vicky/.m2/repository/org/hdrhistogram/HdrHistogram/2.1.12/HdrHistogram-2.1.12.jar:/Users/vicky/.m2/repository/org/latencyutils/LatencyUtils/2.0.3/LatencyUtils-2.0.3.jar:/Users/vicky/.m2/repository/org/springframework/boot/spring-boot-starter-web/2.6.12/spring-boot-starter-web-2.6.12.jar:/Users/vicky/.m2/repository/org/springframework/boot/spring-boot-starter-json/2.6.12/spring-boot-starter-json-2.6.12.jar:/Users/vicky/.m2/repository/com/fasterxml/jackson/datatype/jackson-datatype-jdk8/2.13.4/jackson-datatype-jdk8-2.13.4.jar:/Users/vicky/.m2/repository/com/fasterxml/jackson/module/jackson-module-parameter-names/2.13.4/jackson-module-parameter-names-2.13.4.jar:/Users/vicky/.m2/repository/org/springframework/boot/spring-boot-starter-tomcat/2.6.12/spring-boot-starter-tomcat-2.6.12.jar:/Users/vicky/.m2/repository/org/apache/tomcat/embed/tomcat-embed-core/9.0.65/tomcat-embed-core-9.0.65.jar:/Users/vicky/.m2/repository/org/apache/tomcat/embed/tomcat-embed-el/9.0.65/tomcat-embed-el-9.0.65.jar:/Users/vicky/.m2/repository/org/apache/tomcat/embed/tomcat-embed-websocket/9.0.65/tomcat-embed-websocket-9.0.65.jar:/Users/vicky/.m2/repository/org/springframework/spring-web/5.3.23/spring-web-5.3.23.jar:/Users/vicky/.m2/repository/org/springframework/spring-beans/5.3.23/spring-beans-5.3.23.jar:/Users/vicky/.m2/repository/org/springframework/spring-webmvc/5.3.23/spring-webmvc-5.3.23.jar:/Users/vicky/.m2/repository/org/springframework/spring-aop/5.3.23/spring-aop-5.3.23.jar:/Users/vicky/.m2/repository/org/springframework/spring-context/5.3.23/spring-context-5.3.23.jar:/Users/vicky/.m2/repository/org/springframework/spring-expression/5.3.23/spring-expression-5.3.23.jar:/Users/vicky/.m2/repository/org/springframework/boot/spring-boot-starter-test/2.6.12/spring-boot-starter-test-2.6.12.jar:/Users/vicky/.m2/repository/org/springframework/boot/spring-boot-test/2.6.12/spring-boot-test-2.6.12.jar:/Users/vicky/.m2/repository/org/springframework/boot/spring-boot-test-autoconfigure/2.6.12/spring-boot-test-autoconfigure-2.6.12.jar:/Users/vicky/.m2/repository/com/jayway/jsonpath/json-path/2.6.0/json-path-2.6.0.jar:/Users/vicky/.m2/repository/net/minidev/json-smart/2.4.8/json-smart-2.4.8.jar:/Users/vicky/.m2/repository/net/minidev/accessors-smart/2.4.8/accessors-smart-2.4.8.jar:/Users/vicky/.m2/repository/org/ow2/asm/asm/9.1/asm-9.1.jar:/Users/vicky/.m2/repository/org/slf4j/slf4j-api/1.7.36/slf4j-api-1.7.36.jar:/Users/vicky/.m2/repository/jakarta/xml/bind/jakarta.xml.bind-api/2.3.3/jakarta.xml.bind-api-2.3.3.jar:/Users/vicky/.m2/repository/jakarta/activation/jakarta.activation-api/1.2.2/jakarta.activation-api-1.2.2.jar:/Users/vicky/.m2/repository/org/assertj/assertj-core/3.21.0/assertj-core-3.21.0.jar:/Users/vicky/.m2/repository/org/hamcrest/hamcrest/2.2/hamcrest-2.2.jar:/Users/vicky/.m2/repository/org/junit/jupiter/junit-jupiter/5.8.2/junit-jupiter-5.8.2.jar:/Users/vicky/.m2/repository/org/junit/jupiter/junit-jupiter-api/5.8.2/junit-jupiter-api-5.8.2.jar:/Users/vicky/.m2/repository/org/opentest4j/opentest4j/1.2.0/opentest4j-1.2.0.jar:/Users/vicky/.m2/repository/org/junit/platform/junit-platform-commons/1.8.2/junit-platform-commons-1.8.2.jar:/Users/vicky/.m2/repository/org/apiguardian/apiguardian-api/1.1.2/apiguardian-api-1.1.2.jar:/Users/vicky/.m2/repository/org/junit/jupiter/junit-jupiter-params/5.8.2/junit-jupiter-params-5.8.2.jar:/Users/vicky/.m2/repository/org/junit/jupiter/junit-jupiter-engine/5.8.2/junit-jupiter-engine-5.8.2.jar:/Users/vicky/.m2/repository/org/junit/platform/junit-platform-engine/1.8.2/junit-platform-engine-1.8.2.jar:/Users/vicky/.m2/repository/org/mockito/mockito-core/4.0.0/mockito-core-4.0.0.jar:/Users/vicky/.m2/repository/net/bytebuddy/byte-buddy/1.11.22/byte-buddy-1.11.22.jar:/Users/vicky/.m2/repository/net/bytebuddy/byte-buddy-agent/1.11.22/byte-buddy-agent-1.11.22.jar:/Users/vicky/.m2/repository/org/objenesis/objenesis/3.2/objenesis-3.2.jar:/Users/vicky/.m2/repository/org/mockito/mockito-junit-jupiter/4.0.0/mockito-junit-jupiter-4.0.0.jar:/Users/vicky/.m2/repository/org/skyscreamer/jsonassert/1.5.1/jsonassert-1.5.1.jar:/Users/vicky/.m2/repository/com/vaadin/external/google/android-json/0.0.20131108.vaadin1/android-json-0.0.20131108.vaadin1.jar:/Users/vicky/.m2/repository/org/springframework/spring-core/5.3.23/spring-core-5.3.23.jar:/Users/vicky/.m2/repository/org/springframework/spring-jcl/5.3.23/spring-jcl-5.3.23.jar:/Users/vicky/.m2/repository/org/springframework/spring-test/5.3.23/spring-test-5.3.23.jar:/Users/vicky/.m2/repository/org/xmlunit/xmlunit-core/2.8.4/xmlunit-core-2.8.4.jar:"/>
    <property name="sun.cpu.endian" value="little"/>
    <property name="user.home" value="/Users/vicky"/>
    <property name="user.language" value="en"/>
    <property name="java.specification.vendor" value="Oracle Corporation"/>
    <property name="java.version.date" value="2022-08-12"/>
    <property name="java.home" value="/Applications/SpringToolSuite4.app/Contents/Eclipse/plugins/org.eclipse.justj.openjdk.hotspot.jre.full.macosx.aarch64_17.0.4.v20220903-1038/jre"/>
    <property name="file.separator" value="/"/>
    <property name="style.color" value="always"/>
    <property name="basedir" value="/Users/vicky/Documents/Vicky/Github/Personal Project/Vickysingh/vickysingh-backend"/>
    <property name="java.vm.compressedOopsMode" value="Zero based"/>
    <property name="line.separator" value="&#10;"/>
    <property name="java.vm.specification.vendor" value="Oracle Corporation"/>
    <property name="java.specification.name" value="Java Platform API Specification"/>
    <property name="surefire.real.class.path" value="/Users/vicky/Documents/Vicky/Github/Personal Project/Vickysingh/vickysingh-backend/target/surefire/surefirebooter2761756734618827036.jar"/>
    <property name="sun.management.compiler" value="HotSpot 64-Bit Tiered Compilers"/>
    <property name="java.runtime.version" value="17.0.4.1+1"/>
    <property name="user.name" value="vicky"/>
    <property name="path.separator" value=":"/>
    <property name="os.version" value="12.6"/>
    <property name="java.runtime.name" value="OpenJDK Runtime Environment"/>
    <property name="file.encoding" value="UTF-8"/>
    <property name="java.vm.name" value="OpenJDK 64-Bit Server VM"/>
    <property name="java.vendor.version" value="Temurin-17.0.4.1+1"/>
    <property name="localRepository" value="/Users/vicky/.m2/repository"/>
    <property name="java.vendor.url.bug" value="https://github.com/adoptium/adoptium-support/issues"/>
    <property name="java.io.tmpdir" value="/var/folders/l5/bpq4fnhj76l65wbbbw29lkl40000gn/T/"/>
    <property name="java.version" value="17.0.4.1"/>
    <property name="user.dir" value="/Users/vicky/Documents/Vicky/Github/Personal Project/Vickysingh/vickysingh-backend"/>
    <property name="os.arch" value="aarch64"/>
    <property name="java.vm.specification.name" value="Java Virtual Machine Specification"/>
    <property name="native.encoding" value="UTF-8"/>
    <property name="java.library.path" value="/Users/vicky/Library/Java/Extensions:/Library/Java/Extensions:/Network/Library/Java/Extensions:/System/Library/Java/Extensions:/usr/lib/java:."/>
    <property name="java.vm.info" value="mixed mode"/>
    <property name="java.vendor" value="Eclipse Adoptium"/>
    <property name="java.vm.version" value="17.0.4.1+1"/>
    <property name="sun.io.unicode.encoding" value="UnicodeBig"/>
    <property name="java.class.version" value="61.0"/>
  </properties>
  <testcase name="contextLoads" classname="com.vickysingh.dashboard.DashboardApplicationTests" time="0.179"/>
</testsuite>